<?xml version="1.0" encoding="UTF-8"?>
<TestRun id="ede75366-d93a-44fb-a0f2-8d85c4702581" name="Administrator@GAONING 2015-05-07 19:00:46" runUser="GAONING\Administrator" xmlns="http://microsoft.com/schemas/VisualStudio/TeamTest/2010">
  <TestSettings name="本地" id="f9fd48d1-c9fe-4718-bec1-f77f5b837af4">
    <Description>这些设置为本地测试运行的默认测试设置。</Description>
    <Deployment enabled="false" runDeploymentRoot="Administrator_GAONING 2015-05-07 19_00_46">
      <DeploymentItem filename="C:\Users\Administrator\Desktop\G1mist.CMS_Repository\G1mist.CMS\G1mist.CMS.Repository\bin\Debug\G1mist.CMS.Repository.dll" />
      <DeploymentItem filename="C:\Users\Administrator\Desktop\G1mist.CMS_Repository\G1mist.CMS\G1mist.CMS.Modal\bin\Debug\G1mist.CMS.Modal.dll" />
      <DeploymentItem filename="C:\Users\Administrator\Desktop\G1mist.CMS_Repository\G1mist.CMS\G1mist.CMS.IRepository\bin\Debug\G1mist.CMS.IRepository.dll" />
    </Deployment>
    <Execution>
      <TestTypeSpecific />
      <AgentRule name="Execution Agents">
      </AgentRule>
    </Execution>
  </TestSettings>
  <Times creation="2015-05-07T19:00:46.6713853+08:00" queuing="2015-05-07T19:00:46.6953867+08:00" start="2015-05-07T19:00:46.6993869+08:00" finish="2015-05-07T19:00:48.0184624+08:00" />
  <ResultSummary outcome="Completed">
    <Counters total="1" executed="1" passed="1" error="0" failed="0" timeout="0" aborted="0" inconclusive="0" passedButRunAborted="0" notRunnable="0" notExecuted="0" disconnected="0" warning="0" completed="0" inProgress="0" pending="0" />
  </ResultSummary>
  <TestDefinitions>
    <UnitTest name="TestMethod1" storage="c:\users\administrator\desktop\g1mist.cms_repository\g1mist.cms\unittestefandmysql\bin\debug\unittestefandmysql.dll" id="253c2b70-479d-4298-477e-1d1818895cc6">
      <Execution id="e2ce0daa-c94f-4584-851c-8ca02e47b1ca" />
      <TestMethod codeBase="C:/Users/Administrator/Desktop/G1mist.CMS_Repository/G1mist.CMS/UnitTestEFAndMySql/bin/Debug/UnitTestEFAndMySql.DLL" adapterTypeName="Microsoft.VisualStudio.TestTools.TestTypes.Unit.UnitTestAdapter, Microsoft.VisualStudio.QualityTools.Tips.UnitTest.Adapter, Version=10.0.0.0, Culture=neutral, PublicKeyToken=b03f5f7f11d50a3a" className="UnitTestEFAndMySql.efmysql, UnitTestEFAndMySql, Version=1.0.0.0, Culture=neutral, PublicKeyToken=null" name="TestMethod1" />
    </UnitTest>
  </TestDefinitions>
  <TestLists>
    <TestList name="列表中未列出的结果" id="8c84fa94-04c1-424b-9868-57a2d4851a1d" />
    <TestList name="所有已加载的结果" id="19431567-8539-422a-85d7-44ee4e166bda" />
  </TestLists>
  <TestEntries>
    <TestEntry testId="253c2b70-479d-4298-477e-1d1818895cc6" executionId="e2ce0daa-c94f-4584-851c-8ca02e47b1ca" testListId="8c84fa94-04c1-424b-9868-57a2d4851a1d" />
  </TestEntries>
  <Results>
    <UnitTestResult executionId="e2ce0daa-c94f-4584-851c-8ca02e47b1ca" testId="253c2b70-479d-4298-477e-1d1818895cc6" testName="TestMethod1" computerName="GAONING" duration="00:00:01.0781503" startTime="2015-05-07T19:00:46.7023871+08:00" endTime="2015-05-07T19:00:47.9644593+08:00" testType="13cdc9d9-ddb5-4fa4-a97d-d965ccfc6d4b" outcome="Passed" testListId="8c84fa94-04c1-424b-9868-57a2d4851a1d" relativeResultsDirectory="e2ce0daa-c94f-4584-851c-8ca02e47b1ca">
    </UnitTestResult>
  </Results>
</TestRun>